<?xml version="1.0" encoding="UTF-8"?>
<!-- Generated by org.testng.reporters.JUnitReportReporter -->
<testsuite hostname="Bankim" failures="0" tests="3" name="com.usa.failTestRun.Class_C" time="0.002" errors="0" timestamp="2022-09-17T09:02:13 CDT" skipped="0">
  <testcase classname="com.usa.failTestRun.Class_C" name="getTest7" time="0.000"/>
  <system-out/>
  <testcase classname="com.usa.failTestRun.Class_C" name="getTest8" time="0.001"/>
  <system-out/>
  <testcase classname="com.usa.failTestRun.Class_C" name="getTest9" time="0.001"/>
  <system-out/>
</testsuite> <!-- com.usa.failTestRun.Class_C -->
