<?xml version="1.0" encoding="UTF-8"?>
<!-- Generated by org.testng.reporters.JUnitReportReporter -->
<testsuite hostname="Bankim" failures="0" tests="10" name="testngtest.InvocationCount" time="0.016" errors="0" timestamp="2022-08-29T20:43:34 CDT" skipped="0">
  <testcase classname="testngtest.InvocationCount" name="getCount" time="0.000"/>
  <system-out/>
  <testcase classname="testngtest.InvocationCount" name="getCount" time="0.001"/>
  <system-out/>
  <testcase classname="testngtest.InvocationCount" name="getCount" time="0.001"/>
  <system-out/>
  <testcase classname="testngtest.InvocationCount" name="getCount" time="0.001"/>
  <system-out/>
  <testcase classname="testngtest.InvocationCount" name="getCount" time="0.001"/>
  <system-out/>
  <testcase classname="testngtest.InvocationCount" name="getCount" time="0.007"/>
  <system-out/>
  <testcase classname="testngtest.InvocationCount" name="getCount" time="0.000"/>
  <system-out/>
  <testcase classname="testngtest.InvocationCount" name="getCount" time="0.002"/>
  <system-out/>
  <testcase classname="testngtest.InvocationCount" name="getCount" time="0.001"/>
  <system-out/>
  <testcase classname="testngtest.InvocationCount" name="getCount" time="0.002"/>
  <system-out/>
</testsuite> <!-- testngtest.InvocationCount -->
