<?xml version="1.0" encoding="UTF-8"?>
<!-- Generated by org.testng.reporters.JUnitReportReporter -->
<testsuite hostname="Bankim" failures="0" tests="3" name="com.usa.failTestRun.Class_A" time="0.007" errors="0" timestamp="2022-09-17T09:02:13 CDT" skipped="0">
  <testcase classname="com.usa.failTestRun.Class_A" name="getTest2" time="0.000"/>
  <system-out/>
  <testcase classname="com.usa.failTestRun.Class_A" name="getTest1" time="0.006"/>
  <system-out/>
  <testcase classname="com.usa.failTestRun.Class_A" name="getTest3" time="0.001"/>
  <system-out/>
</testsuite> <!-- com.usa.failTestRun.Class_A -->
