<?xml version="1.0" encoding="UTF-8"?>
<!-- Generated by org.testng.reporters.JUnitReportReporter -->
<testsuite hostname="Bankim" failures="0" tests="3" name="com.usa.unitTest.Unit_Testing" time="15.809" errors="0" timestamp="2022-09-17T09:32:23 CDT" skipped="0">
  <testcase classname="com.usa.unitTest.Unit_Testing" name="getFunctionalTestThree" time="5.678"/>
  <system-out/>
  <testcase classname="com.usa.unitTest.Unit_Testing" name="getFunctionalTestOne" time="4.668"/>
  <system-out/>
  <testcase classname="com.usa.unitTest.Unit_Testing" name="getFunctionalTestTwo" time="5.463"/>
  <system-out/>
</testsuite> <!-- com.usa.unitTest.Unit_Testing -->
