<?xml version="1.0" encoding="UTF-8"?>
<!-- Generated by org.testng.reporters.JUnitReportReporter -->
<testsuite hostname="Bankim" failures="0" tests="4" name="com.usa.parallelTesting.Parallel_Test" time="32.757" errors="0" timestamp="2022-09-17T09:29:06 CDT" skipped="0">
  <testcase classname="com.usa.parallelTesting.Parallel_Test" name="getNode2" time="7.670"/>
  <system-out/>
  <testcase classname="com.usa.parallelTesting.Parallel_Test" name="getNode4" time="7.444"/>
  <system-out/>
  <testcase classname="com.usa.parallelTesting.Parallel_Test" name="getNode1" time="9.983"/>
  <system-out/>
  <testcase classname="com.usa.parallelTesting.Parallel_Test" name="getNode3" time="7.660"/>
  <system-out/>
</testsuite> <!-- com.usa.parallelTesting.Parallel_Test -->
