<?xml version="1.0" encoding="UTF-8"?>
<!-- Generated by org.testng.reporters.JUnitReportReporter -->
<testsuite hostname="Bankim" failures="0" tests="3" name="com.usa.dataprovider.PassingData" time="16.798" errors="0" timestamp="2022-09-17T09:10:04 CDT" skipped="0">
  <testcase classname="com.usa.dataprovider.PassingData" name="test" time="6.056"/>
  <system-out/>
  <testcase classname="com.usa.dataprovider.PassingData" name="test" time="5.260"/>
  <system-out/>
  <testcase classname="com.usa.dataprovider.PassingData" name="test" time="5.482"/>
  <system-out/>
</testsuite> <!-- com.usa.dataprovider.PassingData -->
