<?xml version="1.0" encoding="UTF-8"?>
<!-- Generated by org.testng.reporters.JUnitReportReporter -->
<testsuite hostname="Bankim" failures="0" tests="3" name="com.usa.failTestRun.Class_B" time="0.003" errors="0" timestamp="2022-09-17T09:02:13 CDT" skipped="0">
  <testcase classname="com.usa.failTestRun.Class_B" name="getTest4" time="0.001"/>
  <system-out/>
  <testcase classname="com.usa.failTestRun.Class_B" name="getTest5" time="0.001"/>
  <system-out/>
  <testcase classname="com.usa.failTestRun.Class_B" name="getTest6" time="0.001"/>
  <system-out/>
</testsuite> <!-- com.usa.failTestRun.Class_B -->
