<?xml version="1.0" encoding="UTF-8"?>
<!-- Generated by org.testng.reporters.JUnitReportReporter -->
<testsuite hostname="Bankim" failures="0" tests="3" name="com.usa.crossBrowserTest.CrossBrowser_Test" time="19.467" errors="0" timestamp="2022-09-17T09:25:18 CDT" skipped="0">
  <testcase classname="com.usa.crossBrowserTest.CrossBrowser_Test" name="testParameterWithXML" time="7.222"/>
  <system-out/>
  <testcase classname="com.usa.crossBrowserTest.CrossBrowser_Test" name="testParameterWithXML" time="5.462"/>
  <system-out/>
  <testcase classname="com.usa.crossBrowserTest.CrossBrowser_Test" name="testParameterWithXML" time="6.783"/>
  <system-out/>
</testsuite> <!-- com.usa.crossBrowserTest.CrossBrowser_Test -->
