<?xml version="1.0" encoding="UTF-8"?>
<!-- Generated by org.testng.reporters.JUnitReportReporter -->
<testsuite hostname="Bankim" failures="0" tests="1" name="testngtest.BasicAnotation_Test" time="0.003" errors="0" timestamp="2022-08-31T08:53:30 CDT" skipped="0">
  <testcase classname="testngtest.BasicAnotation_Test" name="testCase" time="0.003"/>
  <system-out/>
</testsuite> <!-- testngtest.BasicAnotation_Test -->
