<?xml version="1.0" encoding="UTF-8"?>
<!-- Generated by org.testng.reporters.JUnitReportReporter -->
<testsuite hostname="Bankim" failures="0" tests="3" name="testngtest.DependOnMethodTest" time="0.007" errors="0" timestamp="2022-08-29T20:39:38 CDT" skipped="0">
  <testcase classname="testngtest.DependOnMethodTest" name="getSalary" time="0.001"/>
  <system-out/>
  <testcase classname="testngtest.DependOnMethodTest" name="getEmployees" time="0.005"/>
  <system-out/>
  <testcase classname="testngtest.DependOnMethodTest" name="payTax" time="0.001"/>
  <system-out/>
</testsuite> <!-- testngtest.DependOnMethodTest -->
